<?xml version="1.0" encoding="UTF-8"?>
<testng-results ignored="0" total="1" passed="1" failed="0" skipped="0">
  <reporter-output>
  </reporter-output>
  <suite started-at="2023-09-02T11:31:46 IST" name="Default suite" finished-at="2023-09-02T11:31:54 IST" duration-ms="8426">
    <groups>
    </groups>
    <test started-at="2023-09-02T11:31:46 IST" name="Default test" finished-at="2023-09-02T11:31:54 IST" duration-ms="8426">
      <class name="com.example.LoginTest">
        <test-method is-config="true" signature="setUp()[pri:0, instance:com.example.LoginTest@73a1e9a9]" started-at="2023-09-02T11:31:46 IST" name="setUp" finished-at="2023-09-02T11:31:48 IST" duration-ms="2133" status="PASS">
          <reporter-output>
          </reporter-output>
        </test-method> <!-- setUp -->
        <test-method signature="testLogin()[pri:0, instance:com.example.LoginTest@73a1e9a9]" started-at="2023-09-02T11:31:48 IST" name="testLogin" finished-at="2023-09-02T11:31:54 IST" duration-ms="6156" status="PASS">
          <reporter-output>
          </reporter-output>
        </test-method> <!-- testLogin -->
        <test-method is-config="true" signature="tearDown()[pri:0, instance:com.example.LoginTest@73a1e9a9]" started-at="2023-09-02T11:31:54 IST" name="tearDown" finished-at="2023-09-02T11:31:54 IST" duration-ms="106" status="PASS">
          <reporter-output>
          </reporter-output>
        </test-method> <!-- tearDown -->
      </class> <!-- com.example.LoginTest -->
    </test> <!-- Default test -->
  </suite> <!-- Default suite -->
</testng-results>
